<?xml version="1.0" encoding="UTF-8"?>
<!-- Generated by org.testng.reporters.JUnitReportReporter -->
<testsuite hostname="WIN-CNIQ7GSBK1T" failures="0" tests="2" name="DemoTestNG.Client" time="0.006" errors="0" timestamp="2024-07-19T21:32:54 IST" skipped="0">
  <testcase classname="DemoTestNG.Client" name="createcustomer" time="0.002"/>
  <system-out/>
  <testcase classname="DemoTestNG.Client" name="edituser" time="0.004"/>
  <system-out/>
</testsuite> <!-- DemoTestNG.Client -->
