<?xml version="1.0" encoding="UTF-8"?>
<!-- Generated by org.testng.reporters.JUnitReportReporter -->
<testsuite hostname="WIN-CNIQ7GSBK1T" failures="0" tests="5" name="DemoTestNG.Google" time="69.930" errors="0" timestamp="2024-08-01T16:55:22 IST" skipped="0">
  <testcase classname="DemoTestNG.Google" name="createuser" time="15.432"/>
  <system-out/>
  <testcase classname="DemoTestNG.Google" name="createuser" time="15.289"/>
  <system-out/>
  <testcase classname="DemoTestNG.Google" name="createuser" time="13.090"/>
  <system-out/>
  <testcase classname="DemoTestNG.Google" name="createuser" time="12.735"/>
  <system-out/>
  <testcase classname="DemoTestNG.Google" name="createuser" time="13.384"/>
  <system-out/>
</testsuite> <!-- DemoTestNG.Google -->
