<?xml version="1.0" encoding="UTF-8"?>
<!-- Generated by org.testng.reporters.JUnitReportReporter -->
<testsuite hostname="WIN-CNIQ7GSBK1T" failures="0" tests="4" name="DemoTestNG.User" time="0.004" errors="0" timestamp="2024-04-18T16:49:14 IST" skipped="1">
  <testcase classname="DemoTestNG.User" name="createcustomer" time="0.001"/>
  <system-out/>
  <testcase classname="DemoTestNG.User" name="editcustomer" time="0.001"/>
  <system-out/>
  <testcase classname="DemoTestNG.User" name="modifycustomer" time="0.002"/>
  <system-out/>
  <testcase classname="DemoTestNG.User" name="Deletecustomer">
    <skipped/>
  </testcase> <!-- Deletecustomer -->
  <system-out/>
</testsuite> <!-- DemoTestNG.User -->
