<?xml version="1.0" encoding="UTF-8"?>
<!-- Generated by org.testng.reporters.JUnitReportReporter -->
<testsuite hostname="WIN-CNIQ7GSBK1T" failures="0" tests="2" name="DemoTestNG.Customer" time="0.011" errors="0" timestamp="2024-07-19T21:35:50 IST" skipped="0">
  <testcase classname="DemoTestNG.Customer" name="Deletecustomer" time="0.011"/>
  <system-out/>
  <testcase classname="DemoTestNG.Customer" name="modifycustomer" time="0.000"/>
  <system-out/>
</testsuite> <!-- DemoTestNG.Customer -->
