<?xml version="1.0" encoding="UTF-8"?>
<!-- Generated by org.testng.reporters.JUnitReportReporter -->
<testsuite hostname="WIN-CNIQ7GSBK1T" failures="0" tests="1" name="DemoTestNG.Basic" time="0.001" errors="0" timestamp="2024-08-02T10:34:04 IST" skipped="0">
  <testcase classname="DemoTestNG.Basic" name="main" time="0.001"/>
  <system-out/>
</testsuite> <!-- DemoTestNG.Basic -->
