<?xml version="1.0" encoding="UTF-8"?>
<!-- Generated by org.testng.reporters.JUnitReportReporter -->
<testsuite hostname="WIN-CNIQ7GSBK1T" failures="0" tests="1" name="DemoTestNG.TEst" time="0.011" errors="0" timestamp="2024-07-21T20:11:52 IST" skipped="0">
  <testcase classname="DemoTestNG.TEst" name="reverse" time="0.011"/>
  <system-out/>
</testsuite> <!-- DemoTestNG.TEst -->
